<?xml version="1.0" encoding="UTF-8"?>
<!-- Generated by org.testng.reporters.JUnitReportReporter -->
<testsuite hostname="LAPTOP-8EGO1TKL" failures="0" tests="3" name="com.test.day3" time="0.024" errors="0" timestamp="2025-04-22T13:51:27 IST" skipped="0">
  <testcase classname="com.test.day3" name="delete" time="0.018"/>
  <testcase classname="com.test.day3" name="reset" time="0.002"/>
  <testcase classname="com.test.day3" name="mobileLogOut" time="0.004"/>
</testsuite> <!-- com.test.day3 -->
