<?xml version="1.0" encoding="UTF-8"?>
<!-- Generated by org.testng.reporters.JUnitReportReporter -->
<testsuite hostname="LAPTOP-8EGO1TKL" failures="0" tests="1" name="com.test.day2" time="0.002" errors="0" timestamp="2025-04-20T19:03:05 IST" skipped="0">
  <testcase classname="com.test.day2" name="personlaLoan" time="0.002"/>
</testsuite> <!-- com.test.day2 -->
