<?xml version="1.0" encoding="UTF-8"?>
<!-- Generated by org.testng.reporters.JUnitReportReporter -->
<testsuite hostname="LAPTOP-8EGO1TKL" failures="0" tests="2" name="com.test.day1" time="0.009" errors="0" timestamp="2025-04-22T13:36:28 IST" skipped="0">
  <testcase classname="com.test.day1" name="secondTestCase" time="0.001"/>
  <testcase classname="com.test.day1" name="Demo" time="0.008"/>
</testsuite> <!-- com.test.day1 -->
